<?xml version="1.0" encoding="UTF-8"?>
<testng-results ignored="0" total="0" passed="0" failed="0" skipped="0">
  <reporter-output>
  </reporter-output>
  <suite started-at="2024-06-17T19:16:27 IST" name="Default suite" finished-at="2024-06-17T19:16:42 IST" duration-ms="14596">
    <groups>
    </groups>
    <test started-at="2024-06-17T19:16:27 IST" name="Default test" finished-at="2024-06-17T19:16:42 IST" duration-ms="14596">
      <class name="demolish.Demo">
        <test-method is-config="true" signature="open()[pri:0, instance:demolish.Demo@659499f1]" started-at="2024-06-17T19:16:27 IST" name="open" finished-at="2024-06-17T19:16:41 IST" duration-ms="13524" status="PASS">
          <reporter-output>
          </reporter-output>
        </test-method> <!-- open -->
        <test-method is-config="true" signature="close()[pri:0, instance:demolish.Demo@659499f1]" started-at="2024-06-17T19:16:41 IST" name="close" finished-at="2024-06-17T19:16:42 IST" duration-ms="881" status="PASS">
          <reporter-output>
          </reporter-output>
        </test-method> <!-- close -->
      </class> <!-- demolish.Demo -->
    </test> <!-- Default test -->
  </suite> <!-- Default suite -->
</testng-results>
